-------------------------------------------------------------------------------
Test set: br.edu.ifpr.teste.servico.irpf.IRPFTest
-------------------------------------------------------------------------------
Tests run: 15, Failures: 1, Errors: 13, Skipped: 0, Time elapsed: 0.089 s <<< FAILURE! - in br.edu.ifpr.teste.servico.irpf.IRPFTest
testRendaNegativa  Time elapsed: 0.045 s  <<< ERROR!
java.lang.Error: 
Unresolved compilation problem: 
	The attribute expected is undefined for the annotation type Test

	at br.edu.ifpr.teste.servico.irpf.IRPFTest.testRendaNegativa(IRPFTest.java:163)

testRendaNoLimiteInferiorSegundaFaixa  Time elapsed: 0.001 s  <<< ERROR!
java.lang.Error: 
Unresolved compilation problem: 
	The method assertEquals(short, short, String) in the type Assertions is not applicable for the arguments (String, BigDecimal, BigDecimal)

	at br.edu.ifpr.teste.servico.irpf.IRPFTest.testRendaNoLimiteInferiorSegundaFaixa(IRPFTest.java:114)

testRendaNoLimiteInferiorQuartaFaixa  Time elapsed: 0.002 s  <<< ERROR!
java.lang.Error: 
Unresolved compilation problem: 
	The method assertEquals(short, short, String) in the type Assertions is not applicable for the arguments (String, BigDecimal, BigDecimal)

	at br.edu.ifpr.teste.servico.irpf.IRPFTest.testRendaNoLimiteInferiorQuartaFaixa(IRPFTest.java:158)

testRendaZero  Time elapsed: 0.002 s  <<< ERROR!
java.lang.Error: 
Unresolved compilation problem: 
	The method assertEquals(short, short, String) in the type Assertions is not applicable for the arguments (String, BigDecimal, BigDecimal)

	at br.edu.ifpr.teste.servico.irpf.IRPFTest.testRendaZero(IRPFTest.java:174)

testRendaQuartaFaixa  Time elapsed: 0.002 s  <<< ERROR!
java.lang.Error: 
Unresolved compilation problem: 
	The method assertEquals(short, short, String) in the type Assertions is not applicable for the arguments (String, BigDecimal, BigDecimal)

	at br.edu.ifpr.teste.servico.irpf.IRPFTest.testRendaQuartaFaixa(IRPFTest.java:70)

testRendaNoLimiteSuperiorPrimeiraFaixa  Time elapsed: 0.002 s  <<< ERROR!
java.lang.Error: 
Unresolved compilation problem: 
	The method assertEquals(short, short, String) in the type Assertions is not applicable for the arguments (String, BigDecimal, BigDecimal)

	at br.edu.ifpr.teste.servico.irpf.IRPFTest.testRendaNoLimiteSuperiorPrimeiraFaixa(IRPFTest.java:103)

testRendaNoLimiteSuperiorTerceiraFaixa  Time elapsed: 0.003 s  <<< ERROR!
java.lang.Error: 
Unresolved compilation problem: 
	The method assertEquals(short, short, String) in the type Assertions is not applicable for the arguments (String, BigDecimal, BigDecimal)

	at br.edu.ifpr.teste.servico.irpf.IRPFTest.testRendaNoLimiteSuperiorTerceiraFaixa(IRPFTest.java:147)

testRendaSegundaFaixa  Time elapsed: 0.001 s  <<< ERROR!
java.lang.Error: 
Unresolved compilation problem: 
	The method assertEquals(short, short, String) in the type Assertions is not applicable for the arguments (String, BigDecimal, BigDecimal)

	at br.edu.ifpr.teste.servico.irpf.IRPFTest.testRendaSegundaFaixa(IRPFTest.java:48)

testRendaNoLimiteSuperiorSegundaFaixa  Time elapsed: 0.001 s  <<< ERROR!
java.lang.Error: 
Unresolved compilation problem: 
	The method assertEquals(short, short, String) in the type Assertions is not applicable for the arguments (String, BigDecimal, BigDecimal)

	at br.edu.ifpr.teste.servico.irpf.IRPFTest.testRendaNoLimiteSuperiorSegundaFaixa(IRPFTest.java:125)

testRendaNoLimiteInferiorPrimeiraFaixa  Time elapsed: 0.001 s  <<< ERROR!
java.lang.Error: 
Unresolved compilation problem: 
	The method assertEquals(short, short, String) in the type Assertions is not applicable for the arguments (String, BigDecimal, BigDecimal)

	at br.edu.ifpr.teste.servico.irpf.IRPFTest.testRendaNoLimiteInferiorPrimeiraFaixa(IRPFTest.java:92)

testRendaNoLimiteInferiorTerceiraFaixa  Time elapsed: 0.001 s  <<< ERROR!
java.lang.Error: 
Unresolved compilation problem: 
	The method assertEquals(short, short, String) in the type Assertions is not applicable for the arguments (String, BigDecimal, BigDecimal)

	at br.edu.ifpr.teste.servico.irpf.IRPFTest.testRendaNoLimiteInferiorTerceiraFaixa(IRPFTest.java:136)

testRendaTerceiraFaixa  Time elapsed: 0.001 s  <<< ERROR!
java.lang.Error: 
Unresolved compilation problem: 
	The method assertEquals(short, short, String) in the type Assertions is not applicable for the arguments (String, BigDecimal, BigDecimal)

	at br.edu.ifpr.teste.servico.irpf.IRPFTest.testRendaTerceiraFaixa(IRPFTest.java:59)

testRendaNoLimiteIsencao  Time elapsed: 0.001 s  <<< ERROR!
java.lang.Error: 
Unresolved compilation problem: 
	The method assertEquals(short, short, String) in the type Assertions is not applicable for the arguments (String, BigDecimal, BigDecimal)

	at br.edu.ifpr.teste.servico.irpf.IRPFTest.testRendaNoLimiteIsencao(IRPFTest.java:82)

testRendaIsenta  Time elapsed: 0.002 s  <<< FAILURE!
org.opentest4j.AssertionFailedError: Renda de R$ 1.000,00 deve ser isenta ==> expected: <0> but was: <0.00>
	at br.edu.ifpr.teste.servico.irpf.IRPFTest.testRendaIsenta(IRPFTest.java:27)

