<?xml version="1.0" encoding="UTF-8"?>
<testsuite xmlns:xsi="http://www.w3.org/2001/XMLSchema-instance" xsi:noNamespaceSchemaLocation="https://maven.apache.org/surefire/maven-surefire-plugin/xsd/surefire-test-report.xsd" name="br.edu.ifpr.teste.servico.irpf.IRPFTest" time="0.089" tests="15" errors="13" skipped="0" failures="1">
  <properties>
[...]
</properties>
  <testcase name="testRendaNegativa" classname="br.edu.ifpr.teste.servico.irpf.IRPFTest" time="0.045">
    <error message="Unresolved compilation problem: &#10;	The attribute expected is undefined for the annotation type Test&#10;" type="java.lang.Error">java.lang.Error: 
Unresolved compilation problem: 
	The attribute expected is undefined for the annotation type Test

	at br.edu.ifpr.teste.servico.irpf.IRPFTest.testRendaNegativa(IRPFTest.java:163)
</error>
  </testcase>
  <testcase name="testRendaNoLimiteInferiorSegundaFaixa" classname="br.edu.ifpr.teste.servico.irpf.IRPFTest" time="0.001">
    <error message="Unresolved compilation problem: &#10;	The method assertEquals(short, short, String) in the type Assertions is not applicable for the arguments (String, BigDecimal, BigDecimal)&#10;" type="java.lang.Error">java.lang.Error: 
Unresolved compilation problem: 
	The method assertEquals(short, short, String) in the type Assertions is not applicable for the arguments (String, BigDecimal, BigDecimal)

	at br.edu.ifpr.teste.servico.irpf.IRPFTest.testRendaNoLimiteInferiorSegundaFaixa(IRPFTest.java:114)
</error>
  </testcase>
  <testcase name="testRendaNoLimiteInferiorQuartaFaixa" classname="br.edu.ifpr.teste.servico.irpf.IRPFTest" time="0.002">
    <error message="Unresolved compilation problem: &#10;	The method assertEquals(short, short, String) in the type Assertions is not applicable for the arguments (String, BigDecimal, BigDecimal)&#10;" type="java.lang.Error">java.lang.Error: 
Unresolved compilation problem: 
	The method assertEquals(short, short, String) in the type Assertions is not applicable for the arguments (String, BigDecimal, BigDecimal)

	at br.edu.ifpr.teste.servico.irpf.IRPFTest.testRendaNoLimiteInferiorQuartaFaixa(IRPFTest.java:158)
</error>
  </testcase>
  <testcase name="testRendaZero" classname="br.edu.ifpr.teste.servico.irpf.IRPFTest" time="0.002">
    <error message="Unresolved compilation problem: &#10;	The method assertEquals(short, short, String) in the type Assertions is not applicable for the arguments (String, BigDecimal, BigDecimal)&#10;" type="java.lang.Error">java.lang.Error: 
Unresolved compilation problem: 
	The method assertEquals(short, short, String) in the type Assertions is not applicable for the arguments (String, BigDecimal, BigDecimal)

	at br.edu.ifpr.teste.servico.irpf.IRPFTest.testRendaZero(IRPFTest.java:174)
</error>
  </testcase>
  <testcase name="testRendaQuartaFaixa" classname="br.edu.ifpr.teste.servico.irpf.IRPFTest" time="0.002">
    <error message="Unresolved compilation problem: &#10;	The method assertEquals(short, short, String) in the type Assertions is not applicable for the arguments (String, BigDecimal, BigDecimal)&#10;" type="java.lang.Error">java.lang.Error: 
Unresolved compilation problem: 
	The method assertEquals(short, short, String) in the type Assertions is not applicable for the arguments (String, BigDecimal, BigDecimal)

	at br.edu.ifpr.teste.servico.irpf.IRPFTest.testRendaQuartaFaixa(IRPFTest.java:70)
</error>
  </testcase>
  <testcase name="testRendaNoLimiteSuperiorPrimeiraFaixa" classname="br.edu.ifpr.teste.servico.irpf.IRPFTest" time="0.002">
    <error message="Unresolved compilation problem: &#10;	The method assertEquals(short, short, String) in the type Assertions is not applicable for the arguments (String, BigDecimal, BigDecimal)&#10;" type="java.lang.Error">java.lang.Error: 
Unresolved compilation problem: 
	The method assertEquals(short, short, String) in the type Assertions is not applicable for the arguments (String, BigDecimal, BigDecimal)

	at br.edu.ifpr.teste.servico.irpf.IRPFTest.testRendaNoLimiteSuperiorPrimeiraFaixa(IRPFTest.java:103)
</error>
  </testcase>
  <testcase name="testRendaNoLimiteSuperiorTerceiraFaixa" classname="br.edu.ifpr.teste.servico.irpf.IRPFTest" time="0.003">
    <error message="Unresolved compilation problem: &#10;	The method assertEquals(short, short, String) in the type Assertions is not applicable for the arguments (String, BigDecimal, BigDecimal)&#10;" type="java.lang.Error">java.lang.Error: 
Unresolved compilation problem: 
	The method assertEquals(short, short, String) in the type Assertions is not applicable for the arguments (String, BigDecimal, BigDecimal)

	at br.edu.ifpr.teste.servico.irpf.IRPFTest.testRendaNoLimiteSuperiorTerceiraFaixa(IRPFTest.java:147)
</error>
  </testcase>
  <testcase name="testRendaSegundaFaixa" classname="br.edu.ifpr.teste.servico.irpf.IRPFTest" time="0.001">
    <error message="Unresolved compilation problem: &#10;	The method assertEquals(short, short, String) in the type Assertions is not applicable for the arguments (String, BigDecimal, BigDecimal)&#10;" type="java.lang.Error">java.lang.Error: 
Unresolved compilation problem: 
	The method assertEquals(short, short, String) in the type Assertions is not applicable for the arguments (String, BigDecimal, BigDecimal)

	at br.edu.ifpr.teste.servico.irpf.IRPFTest.testRendaSegundaFaixa(IRPFTest.java:48)
</error>
  </testcase>
  <testcase name="testRendaNoLimiteSuperiorSegundaFaixa" classname="br.edu.ifpr.teste.servico.irpf.IRPFTest" time="0.001">
    <error message="Unresolved compilation problem: &#10;	The method assertEquals(short, short, String) in the type Assertions is not applicable for the arguments (String, BigDecimal, BigDecimal)&#10;" type="java.lang.Error">java.lang.Error: 
Unresolved compilation problem: 
	The method assertEquals(short, short, String) in the type Assertions is not applicable for the arguments (String, BigDecimal, BigDecimal)

	at br.edu.ifpr.teste.servico.irpf.IRPFTest.testRendaNoLimiteSuperiorSegundaFaixa(IRPFTest.java:125)
</error>
  </testcase>
  <testcase name="testRendaNoLimiteInferiorPrimeiraFaixa" classname="br.edu.ifpr.teste.servico.irpf.IRPFTest" time="0.001">
    <error message="Unresolved compilation problem: &#10;	The method assertEquals(short, short, String) in the type Assertions is not applicable for the arguments (String, BigDecimal, BigDecimal)&#10;" type="java.lang.Error">java.lang.Error: 
Unresolved compilation problem: 
	The method assertEquals(short, short, String) in the type Assertions is not applicable for the arguments (String, BigDecimal, BigDecimal)

	at br.edu.ifpr.teste.servico.irpf.IRPFTest.testRendaNoLimiteInferiorPrimeiraFaixa(IRPFTest.java:92)
</error>
  </testcase>
  <testcase name="testRendaPrimeiraFaixa" classname="br.edu.ifpr.teste.servico.irpf.IRPFTest" time="0.007"/>
  <testcase name="testRendaNoLimiteInferiorTerceiraFaixa" classname="br.edu.ifpr.teste.servico.irpf.IRPFTest" time="0.001">
    <error message="Unresolved compilation problem: &#10;	The method assertEquals(short, short, String) in the type Assertions is not applicable for the arguments (String, BigDecimal, BigDecimal)&#10;" type="java.lang.Error">java.lang.Error: 
Unresolved compilation problem: 
	The method assertEquals(short, short, String) in the type Assertions is not applicable for the arguments (String, BigDecimal, BigDecimal)

	at br.edu.ifpr.teste.servico.irpf.IRPFTest.testRendaNoLimiteInferiorTerceiraFaixa(IRPFTest.java:136)
</error>
  </testcase>
  <testcase name="testRendaTerceiraFaixa" classname="br.edu.ifpr.teste.servico.irpf.IRPFTest" time="0.001">
    <error message="Unresolved compilation problem: &#10;	The method assertEquals(short, short, String) in the type Assertions is not applicable for the arguments (String, BigDecimal, BigDecimal)&#10;" type="java.lang.Error">java.lang.Error: 
Unresolved compilation problem: 
	The method assertEquals(short, short, String) in the type Assertions is not applicable for the arguments (String, BigDecimal, BigDecimal)

	at br.edu.ifpr.teste.servico.irpf.IRPFTest.testRendaTerceiraFaixa(IRPFTest.java:59)
</error>
  </testcase>
  <testcase name="testRendaNoLimiteIsencao" classname="br.edu.ifpr.teste.servico.irpf.IRPFTest" time="0.001">
    <error message="Unresolved compilation problem: &#10;	The method assertEquals(short, short, String) in the type Assertions is not applicable for the arguments (String, BigDecimal, BigDecimal)&#10;" type="java.lang.Error">java.lang.Error: 
Unresolved compilation problem: 
	The method assertEquals(short, short, String) in the type Assertions is not applicable for the arguments (String, BigDecimal, BigDecimal)

	at br.edu.ifpr.teste.servico.irpf.IRPFTest.testRendaNoLimiteIsencao(IRPFTest.java:82)
</error>
  </testcase>
  <testcase name="testRendaIsenta" classname="br.edu.ifpr.teste.servico.irpf.IRPFTest" time="0.002">
    <failure message="Renda de R$ 1.000,00 deve ser isenta ==&gt; expected: &lt;0&gt; but was: &lt;0.00&gt;" type="org.opentest4j.AssertionFailedError"><![CDATA[org.opentest4j.AssertionFailedError: Renda de R$ 1.000,00 deve ser isenta ==> expected: <0> but was: <0.00>
	at br.edu.ifpr.teste.servico.irpf.IRPFTest.testRendaIsenta(IRPFTest.java:27)
]]></failure>
  </testcase>
</testsuite>