<?xml version="1.0" encoding="UTF-8"?>
<testsuite xmlns:xsi="http://www.w3.org/2001/XMLSchema-instance" xsi:noNamespaceSchemaLocation="https://maven.apache.org/surefire/maven-surefire-plugin/xsd/surefire-test-report.xsd" name="br.edu.ifpr.teste.servico.calendario.TesteCalendario" time="0.149" tests="28" errors="0" skipped="0" failures="0">
  <properties>
[...]
</properties>
  <testcase name="testAnoValido" classname="br.edu.ifpr.teste.servico.calendario.TesteCalendario" time="0.062"/>
  <testcase name="testMesComZeroEsquerda" classname="br.edu.ifpr.teste.servico.calendario.TesteCalendario" time="0.005"/>
  <testcase name="testMesValidoAnoInvalido" classname="br.edu.ifpr.teste.servico.calendario.TesteCalendario" time="0.005"/>
  <testcase name="testMesAcimaDoLimite" classname="br.edu.ifpr.teste.servico.calendario.TesteCalendario" time="0.002"/>
  <testcase name="testSemParametros" classname="br.edu.ifpr.teste.servico.calendario.TesteCalendario" time="0.002"/>
  <testcase name="testMesEAnoNaoNumericos" classname="br.edu.ifpr.teste.servico.calendario.TesteCalendario" time="0.001"/>
  <testcase name="testAnoAcimaDoLimite" classname="br.edu.ifpr.teste.servico.calendario.TesteCalendario" time="0.002"/>
  <testcase name="testMesLimiteInferior" classname="br.edu.ifpr.teste.servico.calendario.TesteCalendario" time="0.001"/>
  <testcase name="testMesAbaixoDoLimite" classname="br.edu.ifpr.teste.servico.calendario.TesteCalendario" time="0.002"/>
  <testcase name="imprimeJaneiro2025" classname="br.edu.ifpr.teste.servico.calendario.TesteCalendario" time="0.01"/>
  <testcase name="testMesAposReforma" classname="br.edu.ifpr.teste.servico.calendario.TesteCalendario" time="0.002"/>
  <testcase name="testAnoNegativo" classname="br.edu.ifpr.teste.servico.calendario.TesteCalendario" time="0.002"/>
  <testcase name="testMultiplosParametrosExtras" classname="br.edu.ifpr.teste.servico.calendario.TesteCalendario" time="0.001"/>
  <testcase name="testAnoComReforma" classname="br.edu.ifpr.teste.servico.calendario.TesteCalendario" time="0.003"/>
  <testcase name="testMesEAnoInvalidos" classname="br.edu.ifpr.teste.servico.calendario.TesteCalendario" time="0.001"/>
  <testcase name="testReformaGregorianaSeptember1752" classname="br.edu.ifpr.teste.servico.calendario.TesteCalendario" time="0.008"/>
  <testcase name="testMesAntesReforma" classname="br.edu.ifpr.teste.servico.calendario.TesteCalendario" time="0.001"/>
  <testcase name="testAnoNaoNumerico" classname="br.edu.ifpr.teste.servico.calendario.TesteCalendario" time="0.001"/>
  <testcase name="testAnoLimiteSuperior" classname="br.edu.ifpr.teste.servico.calendario.TesteCalendario" time="0.004"/>
  <testcase name="testMesAnoValidos" classname="br.edu.ifpr.teste.servico.calendario.TesteCalendario" time="0.001"/>
  <testcase name="testMesLimiteSuperior" classname="br.edu.ifpr.teste.servico.calendario.TesteCalendario" time="0.001"/>
  <testcase name="testMesNaoNumerico" classname="br.edu.ifpr.teste.servico.calendario.TesteCalendario" time="0.001"/>
  <testcase name="testAnoComApenasDigitos" classname="br.edu.ifpr.teste.servico.calendario.TesteCalendario" time="0.003"/>
  <testcase name="testAnoLimiteInferior" classname="br.edu.ifpr.teste.servico.calendario.TesteCalendario" time="0.002"/>
  <testcase name="testAnoComZerosEsquerda" classname="br.edu.ifpr.teste.servico.calendario.TesteCalendario" time="0.002"/>
  <testcase name="testAnoAbaixoDoLimite" classname="br.edu.ifpr.teste.servico.calendario.TesteCalendario" time="0.001"/>
  <testcase name="testMesNegativo" classname="br.edu.ifpr.teste.servico.calendario.TesteCalendario" time="0.001"/>
  <testcase name="testParametrosExtras" classname="br.edu.ifpr.teste.servico.calendario.TesteCalendario" time="0.001"/>
</testsuite>