<?xml version="1.0" encoding="UTF-8"?>
<testsuite xmlns:xsi="http://www.w3.org/2001/XMLSchema-instance" xsi:noNamespaceSchemaLocation="https://maven.apache.org/surefire/maven-surefire-plugin/xsd/surefire-test-report.xsd" name="br.edu.ifpr.teste.servico.irpf.IRPFTest" time="0.089" tests="15" errors="13" skipped="0" failures="1">
  <properties>
    <property name="java.specification.version" value="21"/>
    <property name="sun.cpu.isalist" value="amd64"/>
    <property name="sun.jnu.encoding" value="Cp1252"/>
    <property name="java.class.path" value="D:\01_Documentos\02_Faculdade\04_4oAno\Testes_03\Testes03\target\test-classes;D:\01_Documentos\02_Faculdade\04_4oAno\Testes_03\Testes03\target\classes;C:\Users\ribei\.m2\repository\org\junit\jupiter\junit-jupiter\5.8.2\junit-jupiter-5.8.2.jar;C:\Users\ribei\.m2\repository\org\junit\jupiter\junit-jupiter-api\5.8.2\junit-jupiter-api-5.8.2.jar;C:\Users\ribei\.m2\repository\org\opentest4j\opentest4j\1.2.0\opentest4j-1.2.0.jar;C:\Users\ribei\.m2\repository\org\junit\platform\junit-platform-commons\1.8.2\junit-platform-commons-1.8.2.jar;C:\Users\ribei\.m2\repository\org\apiguardian\apiguardian-api\1.1.2\apiguardian-api-1.1.2.jar;C:\Users\ribei\.m2\repository\org\junit\jupiter\junit-jupiter-params\5.8.2\junit-jupiter-params-5.8.2.jar;C:\Users\ribei\.m2\repository\org\junit\jupiter\junit-jupiter-engine\5.8.2\junit-jupiter-engine-5.8.2.jar;C:\Users\ribei\.m2\repository\org\junit\platform\junit-platform-engine\1.8.2\junit-platform-engine-1.8.2.jar;"/>
    <property name="java.vm.vendor" value="Oracle Corporation"/>
    <property name="sun.arch.data.model" value="64"/>
    <property name="user.variant" value=""/>
    <property name="java.vendor.url" value="https://java.oracle.com/"/>
    <property name="user.timezone" value="America/Sao_Paulo"/>
    <property name="os.name" value="Windows 11"/>
    <property name="java.vm.specification.version" value="21"/>
    <property name="sun.java.launcher" value="SUN_STANDARD"/>
    <property name="user.country" value="BR"/>
    <property name="sun.boot.library.path" value="C:\Program Files\Java\jdk-21\bin"/>
    <property name="sun.java.command" value="C:\Users\ribei\AppData\Local\Temp\surefire1051871030570796168\surefirebooter14898856559095763625.jar C:\Users\ribei\AppData\Local\Temp\surefire1051871030570796168 2025-05-21T01-36-22_587-jvmRun1 surefire10150727210616662624tmp surefire_014783354899663652161tmp"/>
    <property name="jdk.debug" value="release"/>
    <property name="test" value="IRPFTest"/>
    <property name="surefire.test.class.path" value="D:\01_Documentos\02_Faculdade\04_4oAno\Testes_03\Testes03\target\test-classes;D:\01_Documentos\02_Faculdade\04_4oAno\Testes_03\Testes03\target\classes;C:\Users\ribei\.m2\repository\org\junit\jupiter\junit-jupiter\5.8.2\junit-jupiter-5.8.2.jar;C:\Users\ribei\.m2\repository\org\junit\jupiter\junit-jupiter-api\5.8.2\junit-jupiter-api-5.8.2.jar;C:\Users\ribei\.m2\repository\org\opentest4j\opentest4j\1.2.0\opentest4j-1.2.0.jar;C:\Users\ribei\.m2\repository\org\junit\platform\junit-platform-commons\1.8.2\junit-platform-commons-1.8.2.jar;C:\Users\ribei\.m2\repository\org\apiguardian\apiguardian-api\1.1.2\apiguardian-api-1.1.2.jar;C:\Users\ribei\.m2\repository\org\junit\jupiter\junit-jupiter-params\5.8.2\junit-jupiter-params-5.8.2.jar;C:\Users\ribei\.m2\repository\org\junit\jupiter\junit-jupiter-engine\5.8.2\junit-jupiter-engine-5.8.2.jar;C:\Users\ribei\.m2\repository\org\junit\platform\junit-platform-engine\1.8.2\junit-platform-engine-1.8.2.jar;"/>
    <property name="sun.cpu.endian" value="little"/>
    <property name="user.home" value="C:\Users\ribei"/>
    <property name="user.language" value="pt"/>
    <property name="java.specification.vendor" value="Oracle Corporation"/>
    <property name="java.version.date" value="2024-01-16"/>
    <property name="java.home" value="C:\Program Files\Java\jdk-21"/>
    <property name="file.separator" value="\"/>
    <property name="basedir" value="D:\01_Documentos\02_Faculdade\04_4oAno\Testes_03\Testes03"/>
    <property name="java.vm.compressedOopsMode" value="Zero based"/>
    <property name="line.separator" value="&#10;"/>
    <property name="java.vm.specification.vendor" value="Oracle Corporation"/>
    <property name="java.specification.name" value="Java Platform API Specification"/>
    <property name="surefire.real.class.path" value="C:\Users\ribei\AppData\Local\Temp\surefire1051871030570796168\surefirebooter14898856559095763625.jar"/>
    <property name="user.script" value=""/>
    <property name="sun.management.compiler" value="HotSpot 64-Bit Tiered Compilers"/>
    <property name="java.runtime.version" value="21.0.2+13-LTS-58"/>
    <property name="user.name" value="ribei"/>
    <property name="stdout.encoding" value="Cp1252"/>
    <property name="path.separator" value=";"/>
    <property name="os.version" value="10.0"/>
    <property name="java.runtime.name" value="Java(TM) SE Runtime Environment"/>
    <property name="file.encoding" value="UTF-8"/>
    <property name="java.vm.name" value="Java HotSpot(TM) 64-Bit Server VM"/>
    <property name="localRepository" value="C:\Users\ribei\.m2\repository"/>
    <property name="java.vendor.url.bug" value="https://bugreport.java.com/bugreport/"/>
    <property name="java.io.tmpdir" value="C:\Users\ribei\AppData\Local\Temp\"/>
    <property name="java.version" value="21.0.2"/>
    <property name="user.dir" value="D:\01_Documentos\02_Faculdade\04_4oAno\Testes_03\Testes03"/>
    <property name="os.arch" value="amd64"/>
    <property name="java.vm.specification.name" value="Java Virtual Machine Specification"/>
    <property name="sun.os.patch.level" value=""/>
    <property name="native.encoding" value="Cp1252"/>
    <property name="java.library.path" value="C:\Program Files\Java\jdk-21\bin;C:\WINDOWS\Sun\Java\bin;C:\WINDOWS\system32;C:\WINDOWS;C:\Program Files\Common Files\Oracle\Java\javapath;C:\WINDOWS\system32;C:\WINDOWS;C:\WINDOWS\System32\Wbem;C:\WINDOWS\System32\WindowsPowerShell\v1.0\;C:\WINDOWS\System32\OpenSSH\;C:\Program Files\dotnet\;C:\Program Files (x86)\NVIDIA Corporation\PhysX\Common;C:\Program Files\Microsoft SQL Server\150\Tools\Binn\;C:\Program Files\Microsoft SQL Server\Client SDK\ODBC\170\Tools\Binn\;C:\Program Files\Git\cmd;C:\Users\ribei\Documents\flutter_windows_3.22.0-stable\flutter\bin;C:\Program Files\nodejs\;C:\Program Files (x86)\Windows Kits\10\Windows Performance Toolkit\;C:\Program Files\NVIDIA Corporation\NVIDIA app\NvDLISR;C:\Program Files\Tailscale\;C:\Users\ribei\AppData\Local\Programs\Python\Python313\Scripts\;C:\Users\ribei\AppData\Local\Programs\Python\Python313\;C:\Users\ribei\AppData\Local\Programs\Python\Python312\Scripts\;C:\Users\ribei\AppData\Local\Programs\Python\Python312\;C:\Users\ribei\AppData\Local\Microsoft\WindowsApps;C:\Users\ribei\AppData\Local\Programs\Microsoft VS Code\bin;C:\Users\ribei\AppData\Roaming\npm;C:\Users\ribei\.dotnet\tools;C:\Users\ribei\Documents\apache-maven-3.9.9-bin\apache-maven-3.9.9\bin;;c:\Users\ribei\AppData\Roaming\Code\User\globalStorage\github.copilot-chat\debugCommand;."/>
    <property name="java.vm.info" value="mixed mode, sharing"/>
    <property name="stderr.encoding" value="Cp1252"/>
    <property name="java.vendor" value="Oracle Corporation"/>
    <property name="java.vm.version" value="21.0.2+13-LTS-58"/>
    <property name="sun.io.unicode.encoding" value="UnicodeLittle"/>
    <property name="java.class.version" value="65.0"/>
  </properties>
  <testcase name="testRendaNegativa" classname="br.edu.ifpr.teste.servico.irpf.IRPFTest" time="0.045">
    <error message="Unresolved compilation problem: &#10;	The attribute expected is undefined for the annotation type Test&#10;" type="java.lang.Error">java.lang.Error: 
Unresolved compilation problem: 
	The attribute expected is undefined for the annotation type Test

	at br.edu.ifpr.teste.servico.irpf.IRPFTest.testRendaNegativa(IRPFTest.java:163)
</error>
  </testcase>
  <testcase name="testRendaNoLimiteInferiorSegundaFaixa" classname="br.edu.ifpr.teste.servico.irpf.IRPFTest" time="0.001">
    <error message="Unresolved compilation problem: &#10;	The method assertEquals(short, short, String) in the type Assertions is not applicable for the arguments (String, BigDecimal, BigDecimal)&#10;" type="java.lang.Error">java.lang.Error: 
Unresolved compilation problem: 
	The method assertEquals(short, short, String) in the type Assertions is not applicable for the arguments (String, BigDecimal, BigDecimal)

	at br.edu.ifpr.teste.servico.irpf.IRPFTest.testRendaNoLimiteInferiorSegundaFaixa(IRPFTest.java:114)
</error>
  </testcase>
  <testcase name="testRendaNoLimiteInferiorQuartaFaixa" classname="br.edu.ifpr.teste.servico.irpf.IRPFTest" time="0.002">
    <error message="Unresolved compilation problem: &#10;	The method assertEquals(short, short, String) in the type Assertions is not applicable for the arguments (String, BigDecimal, BigDecimal)&#10;" type="java.lang.Error">java.lang.Error: 
Unresolved compilation problem: 
	The method assertEquals(short, short, String) in the type Assertions is not applicable for the arguments (String, BigDecimal, BigDecimal)

	at br.edu.ifpr.teste.servico.irpf.IRPFTest.testRendaNoLimiteInferiorQuartaFaixa(IRPFTest.java:158)
</error>
  </testcase>
  <testcase name="testRendaZero" classname="br.edu.ifpr.teste.servico.irpf.IRPFTest" time="0.002">
    <error message="Unresolved compilation problem: &#10;	The method assertEquals(short, short, String) in the type Assertions is not applicable for the arguments (String, BigDecimal, BigDecimal)&#10;" type="java.lang.Error">java.lang.Error: 
Unresolved compilation problem: 
	The method assertEquals(short, short, String) in the type Assertions is not applicable for the arguments (String, BigDecimal, BigDecimal)

	at br.edu.ifpr.teste.servico.irpf.IRPFTest.testRendaZero(IRPFTest.java:174)
</error>
  </testcase>
  <testcase name="testRendaQuartaFaixa" classname="br.edu.ifpr.teste.servico.irpf.IRPFTest" time="0.002">
    <error message="Unresolved compilation problem: &#10;	The method assertEquals(short, short, String) in the type Assertions is not applicable for the arguments (String, BigDecimal, BigDecimal)&#10;" type="java.lang.Error">java.lang.Error: 
Unresolved compilation problem: 
	The method assertEquals(short, short, String) in the type Assertions is not applicable for the arguments (String, BigDecimal, BigDecimal)

	at br.edu.ifpr.teste.servico.irpf.IRPFTest.testRendaQuartaFaixa(IRPFTest.java:70)
</error>
  </testcase>
  <testcase name="testRendaNoLimiteSuperiorPrimeiraFaixa" classname="br.edu.ifpr.teste.servico.irpf.IRPFTest" time="0.002">
    <error message="Unresolved compilation problem: &#10;	The method assertEquals(short, short, String) in the type Assertions is not applicable for the arguments (String, BigDecimal, BigDecimal)&#10;" type="java.lang.Error">java.lang.Error: 
Unresolved compilation problem: 
	The method assertEquals(short, short, String) in the type Assertions is not applicable for the arguments (String, BigDecimal, BigDecimal)

	at br.edu.ifpr.teste.servico.irpf.IRPFTest.testRendaNoLimiteSuperiorPrimeiraFaixa(IRPFTest.java:103)
</error>
  </testcase>
  <testcase name="testRendaNoLimiteSuperiorTerceiraFaixa" classname="br.edu.ifpr.teste.servico.irpf.IRPFTest" time="0.003">
    <error message="Unresolved compilation problem: &#10;	The method assertEquals(short, short, String) in the type Assertions is not applicable for the arguments (String, BigDecimal, BigDecimal)&#10;" type="java.lang.Error">java.lang.Error: 
Unresolved compilation problem: 
	The method assertEquals(short, short, String) in the type Assertions is not applicable for the arguments (String, BigDecimal, BigDecimal)

	at br.edu.ifpr.teste.servico.irpf.IRPFTest.testRendaNoLimiteSuperiorTerceiraFaixa(IRPFTest.java:147)
</error>
  </testcase>
  <testcase name="testRendaSegundaFaixa" classname="br.edu.ifpr.teste.servico.irpf.IRPFTest" time="0.001">
    <error message="Unresolved compilation problem: &#10;	The method assertEquals(short, short, String) in the type Assertions is not applicable for the arguments (String, BigDecimal, BigDecimal)&#10;" type="java.lang.Error">java.lang.Error: 
Unresolved compilation problem: 
	The method assertEquals(short, short, String) in the type Assertions is not applicable for the arguments (String, BigDecimal, BigDecimal)

	at br.edu.ifpr.teste.servico.irpf.IRPFTest.testRendaSegundaFaixa(IRPFTest.java:48)
</error>
  </testcase>
  <testcase name="testRendaNoLimiteSuperiorSegundaFaixa" classname="br.edu.ifpr.teste.servico.irpf.IRPFTest" time="0.001">
    <error message="Unresolved compilation problem: &#10;	The method assertEquals(short, short, String) in the type Assertions is not applicable for the arguments (String, BigDecimal, BigDecimal)&#10;" type="java.lang.Error">java.lang.Error: 
Unresolved compilation problem: 
	The method assertEquals(short, short, String) in the type Assertions is not applicable for the arguments (String, BigDecimal, BigDecimal)

	at br.edu.ifpr.teste.servico.irpf.IRPFTest.testRendaNoLimiteSuperiorSegundaFaixa(IRPFTest.java:125)
</error>
  </testcase>
  <testcase name="testRendaNoLimiteInferiorPrimeiraFaixa" classname="br.edu.ifpr.teste.servico.irpf.IRPFTest" time="0.001">
    <error message="Unresolved compilation problem: &#10;	The method assertEquals(short, short, String) in the type Assertions is not applicable for the arguments (String, BigDecimal, BigDecimal)&#10;" type="java.lang.Error">java.lang.Error: 
Unresolved compilation problem: 
	The method assertEquals(short, short, String) in the type Assertions is not applicable for the arguments (String, BigDecimal, BigDecimal)

	at br.edu.ifpr.teste.servico.irpf.IRPFTest.testRendaNoLimiteInferiorPrimeiraFaixa(IRPFTest.java:92)
</error>
  </testcase>
  <testcase name="testRendaPrimeiraFaixa" classname="br.edu.ifpr.teste.servico.irpf.IRPFTest" time="0.007"/>
  <testcase name="testRendaNoLimiteInferiorTerceiraFaixa" classname="br.edu.ifpr.teste.servico.irpf.IRPFTest" time="0.001">
    <error message="Unresolved compilation problem: &#10;	The method assertEquals(short, short, String) in the type Assertions is not applicable for the arguments (String, BigDecimal, BigDecimal)&#10;" type="java.lang.Error">java.lang.Error: 
Unresolved compilation problem: 
	The method assertEquals(short, short, String) in the type Assertions is not applicable for the arguments (String, BigDecimal, BigDecimal)

	at br.edu.ifpr.teste.servico.irpf.IRPFTest.testRendaNoLimiteInferiorTerceiraFaixa(IRPFTest.java:136)
</error>
  </testcase>
  <testcase name="testRendaTerceiraFaixa" classname="br.edu.ifpr.teste.servico.irpf.IRPFTest" time="0.001">
    <error message="Unresolved compilation problem: &#10;	The method assertEquals(short, short, String) in the type Assertions is not applicable for the arguments (String, BigDecimal, BigDecimal)&#10;" type="java.lang.Error">java.lang.Error: 
Unresolved compilation problem: 
	The method assertEquals(short, short, String) in the type Assertions is not applicable for the arguments (String, BigDecimal, BigDecimal)

	at br.edu.ifpr.teste.servico.irpf.IRPFTest.testRendaTerceiraFaixa(IRPFTest.java:59)
</error>
  </testcase>
  <testcase name="testRendaNoLimiteIsencao" classname="br.edu.ifpr.teste.servico.irpf.IRPFTest" time="0.001">
    <error message="Unresolved compilation problem: &#10;	The method assertEquals(short, short, String) in the type Assertions is not applicable for the arguments (String, BigDecimal, BigDecimal)&#10;" type="java.lang.Error">java.lang.Error: 
Unresolved compilation problem: 
	The method assertEquals(short, short, String) in the type Assertions is not applicable for the arguments (String, BigDecimal, BigDecimal)

	at br.edu.ifpr.teste.servico.irpf.IRPFTest.testRendaNoLimiteIsencao(IRPFTest.java:82)
</error>
  </testcase>
  <testcase name="testRendaIsenta" classname="br.edu.ifpr.teste.servico.irpf.IRPFTest" time="0.002">
    <failure message="Renda de R$ 1.000,00 deve ser isenta ==&gt; expected: &lt;0&gt; but was: &lt;0.00&gt;" type="org.opentest4j.AssertionFailedError"><![CDATA[org.opentest4j.AssertionFailedError: Renda de R$ 1.000,00 deve ser isenta ==> expected: <0> but was: <0.00>
	at br.edu.ifpr.teste.servico.irpf.IRPFTest.testRendaIsenta(IRPFTest.java:27)
]]></failure>
  </testcase>
</testsuite>